# JRE version: Java(TM) SE Runtime Environment (20.0.1+9) (build 20.0.1+9-29)
# Java VM: Java HotSpot(TM) 64-Bit Server VM (20.0.1+9-29, mixed mode, sharing, tiered, compressed oops, compressed class ptrs, g1 gc, windows-amd64)
GC Precious Log:
 CardTable entry size: 512
 Card Set container configuration: InlinePtr #cards 4 size 8 Array Of Cards #cards 16 size 48 Howl #buckets 8 coarsen threshold 3686 Howl Bitmap #cards 512 size 80 coarsen threshold 460 Card regions per heap region 1 cards per card region 4096
 CPUs: 16 total, 16 available
 Memory: 14188M
 Large Page Support: Disabled
 NUMA Support: Disabled
 Compressed Oops: Enabled (Zero based)
 Heap Region Size: 2M
 Heap Min Capacity: 8M
 Heap Initial Capacity: 222M
 Heap Max Capacity: 3548M
 Pre-touch: Disabled
 Parallel Workers: 13
 Concurrent Workers: 3
 Concurrent Refinement Workers: 13
 Periodic GC: Disabled
Heap:
 garbage-first heap   total 81920K, used 67367K [0x0000000722400000, 0x0000000800000000)
  region size 2048K, 21 young (43008K), 3 survivors (6144K)
 Metaspace       used 81821K, committed 82688K, reserved 1179648K
  class space    used 10281K, committed 10688K, reserved 1048576K
GC Heap History (20 events):
Event: 1367.874 GC heap after
{Heap after GC invocations=33 (full 3):
 garbage-first heap   total 81920K, used 30047K [0x0000000722400000, 0x0000000800000000)
  region size 2048K, 2 young (4096K), 2 survivors (4096K)
 Metaspace       used 78955K, committed 79808K, reserved 1179648K
  class space    used 10087K, committed 10496K, reserved 1048576K
}
Event: 1368.196 GC heap before
{Heap before GC invocations=34 (full 3):
 garbage-first heap   total 81920K, used 64863K [0x0000000722400000, 0x0000000800000000)
  region size 2048K, 20 young (40960K), 2 survivors (4096K)
 Metaspace       used 79462K, committed 80256K, reserved 1179648K
  class space    used 10110K, committed 10496K, reserved 1048576K
}
Event: 1368.202 GC heap after
{Heap after GC invocations=35 (full 3):
 garbage-first heap   total 81920K, used 32797K [0x0000000722400000, 0x0000000800000000)
  region size 2048K, 2 young (4096K), 2 survivors (4096K)
 Metaspace       used 79462K, committed 80256K, reserved 1179648K
  class space    used 10110K, committed 10496K, reserved 1048576K
}
Event: 1443.627 GC heap before
{Heap before GC invocations=35 (full 3):
 garbage-first heap   total 81920K, used 38941K [0x0000000722400000, 0x0000000800000000)
  region size 2048K, 6 young (12288K), 2 survivors (4096K)
 Metaspace       used 79482K, committed 80320K, reserved 1179648K
  class space    used 10111K, committed 10496K, reserved 1048576K
}
Event: 1443.681 GC heap after
{Heap after GC invocations=36 (full 4):
 garbage-first heap   total 81920K, used 26855K [0x0000000722400000, 0x0000000800000000)
  region size 2048K, 0 young (0K), 0 survivors (0K)
 Metaspace       used 79479K, committed 80320K, reserved 1179648K
  class space    used 10111K, committed 10496K, reserved 1048576K
}
Event: 1444.230 GC heap before
{Heap before GC invocations=36 (full 4):
 garbage-first heap   total 81920K, used 69863K [0x0000000722400000, 0x0000000800000000)
  region size 2048K, 21 young (43008K), 0 survivors (0K)
 Metaspace       used 79714K, committed 80512K, reserved 1179648K
  class space    used 10128K, committed 10496K, reserved 1048576K
}
Event: 1444.232 GC heap after
{Heap after GC invocations=37 (full 4):
 garbage-first heap   total 81920K, used 30663K [0x0000000722400000, 0x0000000800000000)
  region size 2048K, 2 young (4096K), 2 survivors (4096K)
 Metaspace       used 79714K, committed 80512K, reserved 1179648K
  class space    used 10128K, committed 10496K, reserved 1048576K
}
Event: 1451.260 GC heap before
{Heap before GC invocations=38 (full 4):
 garbage-first heap   total 81920K, used 67527K [0x0000000722400000, 0x0000000800000000)
  region size 2048K, 21 young (43008K), 2 survivors (4096K)
 Metaspace       used 80260K, committed 81088K, reserved 1179648K
  class space    used 10153K, committed 10560K, reserved 1048576K
}
Event: 1451.297 GC heap after
{Heap after GC invocations=39 (full 5):
 garbage-first heap   total 81920K, used 27168K [0x0000000722400000, 0x0000000800000000)
  region size 2048K, 0 young (0K), 0 survivors (0K)
 Metaspace       used 80258K, committed 81088K, reserved 1179648K
  class space    used 10152K, committed 10560K, reserved 1048576K
}
Event: 1451.697 GC heap before
{Heap before GC invocations=39 (full 5):
 garbage-first heap   total 81920K, used 68128K [0x0000000722400000, 0x0000000800000000)
  region size 2048K, 20 young (40960K), 0 survivors (0K)
 Metaspace       used 80451K, committed 81280K, reserved 1179648K
  class space    used 10169K, committed 10560K, reserved 1048576K
}
Event: 1451.700 GC heap after
{Heap after GC invocations=40 (full 5):
 garbage-first heap   total 81920K, used 30588K [0x0000000722400000, 0x0000000800000000)
  region size 2048K, 2 young (4096K), 2 survivors (4096K)
 Metaspace       used 80451K, committed 81280K, reserved 1179648K
  class space    used 10169K, committed 10560K, reserved 1048576K
}
Event: 1452.167 GC heap before
{Heap before GC invocations=41 (full 5):
 garbage-first heap   total 81920K, used 69500K [0x0000000722400000, 0x0000000800000000)
  region size 2048K, 21 young (43008K), 2 survivors (4096K)
 Metaspace       used 80906K, committed 81664K, reserved 1179648K
  class space    used 10194K, committed 10560K, reserved 1048576K
}
Event: 1452.171 GC heap after
{Heap after GC invocations=42 (full 5):
 garbage-first heap   total 81920K, used 33575K [0x0000000722400000, 0x0000000800000000)
  region size 2048K, 2 young (4096K), 2 survivors (4096K)
 Metaspace       used 80906K, committed 81664K, reserved 1179648K
  class space    used 10194K, committed 10560K, reserved 1048576K
}
Event: 1478.363 GC heap before
{Heap before GC invocations=42 (full 5):
 garbage-first heap   total 81920K, used 35623K [0x0000000722400000, 0x0000000800000000)
  region size 2048K, 4 young (8192K), 2 survivors (4096K)
 Metaspace       used 80915K, committed 81664K, reserved 1179648K
  class space    used 10194K, committed 10560K, reserved 1048576K
}
Event: 1478.398 GC heap after
{Heap after GC invocations=43 (full 6):
 garbage-first heap   total 81920K, used 27539K [0x0000000722400000, 0x0000000800000000)
  region size 2048K, 0 young (0K), 0 survivors (0K)
 Metaspace       used 80912K, committed 81664K, reserved 1179648K
  class space    used 10194K, committed 10560K, reserved 1048576K
}
Event: 1478.828 GC heap before
{Heap before GC invocations=43 (full 6):
 garbage-first heap   total 81920K, used 66451K [0x0000000722400000, 0x0000000800000000)
  region size 2048K, 19 young (38912K), 0 survivors (0K)
 Metaspace       used 81068K, committed 81920K, reserved 1179648K
  class space    used 10210K, committed 10624K, reserved 1048576K
}
Event: 1478.831 GC heap after
{Heap after GC invocations=44 (full 6):
 garbage-first heap   total 81920K, used 30930K [0x0000000722400000, 0x0000000800000000)
  region size 2048K, 2 young (4096K), 2 survivors (4096K)
 Metaspace       used 81068K, committed 81920K, reserved 1179648K
  class space    used 10210K, committed 10624K, reserved 1048576K
}
Event: 1488.854 GC heap before
{Heap before GC invocations=45 (full 6):
 garbage-first heap   total 81920K, used 67794K [0x0000000722400000, 0x0000000800000000)
  region size 2048K, 20 young (40960K), 2 survivors (4096K)
 Metaspace       used 81480K, committed 82368K, reserved 1179648K
  class space    used 10262K, committed 10688K, reserved 1048576K
}
Event: 1488.856 GC heap after
{Heap after GC invocations=46 (full 6):
 garbage-first heap   total 81920K, used 30503K [0x0000000722400000, 0x0000000800000000)
  region size 2048K, 2 young (4096K), 2 survivors (4096K)
 Metaspace       used 81480K, committed 82368K, reserved 1179648K
  class space    used 10262K, committed 10688K, reserved 1048576K
}
Event: 1547.041 GC heap before
{Heap before GC invocations=46 (full 6):
 garbage-first heap   total 81920K, used 65319K [0x0000000722400000, 0x0000000800000000)
  region size 2048K, 20 young (40960K), 2 survivors (4096K)
 Metaspace       used 81821K, committed 82688K, reserved 1179648K
  class space    used 10281K, committed 10688K, reserved 1048576K
}

